{
  "RSpec": {
    "coverage": {
      "/Users/rodolfopeixoto/Projetos/job/fretadao-router-planner/spec/integration/logistic_meshes/search_spec.rb": [
        1,
        null,
        1,
        1,
        1,
        null,
        1,
        1,
        1,
        null,
        null,
        null,
        null,
        1,
        null,
        null,
        null,
        null,
        1,
        null,
        null,
        null,
        null,
        1,
        null,
        null,
        null,
        null,
        1,
        null,
        null,
        null,
        null,
        null,
        1,
        1,
        null,
        null,
        null,
        null,
        null,
        2,
        2,
        2,
        2,
        2,
        2,
        1,
        null,
        null,
        1,
        1,
        null,
        null,
        null,
        null,
        2,
        2,
        2,
        2,
        2,
        2,
        1,
        null,
        null,
        1,
        1,
        null,
        null,
        null,
        null,
        2,
        2,
        2,
        2,
        2,
        2,
        1,
        null,
        null,
        null,
        null
      ],
      "/Users/rodolfopeixoto/Projetos/job/fretadao-router-planner/spec/models/logistic_mesh_spec.rb": [
        1,
        null,
        1,
        1,
        2,
        2,
        null,
        null
      ],
      "/Users/rodolfopeixoto/Projetos/job/fretadao-router-planner/app/models/logistic_mesh.rb": [
        1,
        1,
        null
      ],
      "/Users/rodolfopeixoto/Projetos/job/fretadao-router-planner/app/models/application_record.rb": [
        1,
        1,
        null
      ],
      "/Users/rodolfopeixoto/Projetos/job/fretadao-router-planner/spec/services/calculator_cost_route_service_spec.rb": [
        1,
        null,
        1,
        1,
        1,
        1,
        1,
        1,
        null,
        null,
        1,
        1,
        1,
        1,
        null,
        1,
        1,
        1,
        null,
        null,
        null,
        null
      ],
      "/Users/rodolfopeixoto/Projetos/job/fretadao-router-planner/app/services/calculator_cost_route_service.rb": [
        1,
        1,
        null,
        1,
        5,
        5,
        5,
        null,
        null,
        1,
        5,
        null,
        null,
        1,
        5,
        null,
        null
      ],
      "/Users/rodolfopeixoto/Projetos/job/fretadao-router-planner/app/services/application_service.rb": [
        1,
        1,
        8,
        null,
        null
      ],
      "/Users/rodolfopeixoto/Projetos/job/fretadao-router-planner/spec/services/search_route_service_spec.rb": [
        1,
        null,
        1,
        3,
        1,
        2,
        null,
        null,
        null,
        null,
        null,
        null,
        null,
        1,
        2,
        null,
        null,
        null,
        null,
        null,
        null,
        null,
        1,
        1,
        1,
        1,
        null,
        null,
        1,
        null,
        null,
        1,
        1,
        2,
        null,
        null,
        null,
        null,
        null,
        null
      ],
      "/Users/rodolfopeixoto/Projetos/job/fretadao-router-planner/app/services/search_route_service.rb": [
        1,
        null,
        1,
        1,
        null,
        null,
        null,
        null,
        null,
        null,
        1,
        3,
        3,
        3,
        3,
        3,
        3,
        null,
        null,
        1,
        3,
        3,
        null,
        2,
        2,
        2,
        2,
        2,
        2,
        null,
        null,
        1,
        null,
        1,
        null,
        3,
        null,
        2,
        null,
        null,
        1,
        3,
        null,
        null,
        1,
        2,
        2,
        36,
        36,
        36,
        36,
        36,
        null,
        null,
        null,
        1,
        2,
        null,
        null,
        1,
        2,
        null,
        null,
        null,
        null,
        null
      ],
      "/Users/rodolfopeixoto/Projetos/job/fretadao-router-planner/lib/graph.rb": [
        1,
        1,
        1,
        null,
        null,
        null,
        1,
        null,
        1,
        3,
        3,
        3,
        3,
        3,
        3,
        3,
        null,
        null,
        1,
        72,
        14,
        null,
        58,
        null,
        72,
        null,
        null,
        1,
        36,
        36,
        null,
        null,
        1,
        8,
        8,
        null,
        null,
        1,
        2,
        2,
        2,
        null,
        null,
        1,
        2,
        null,
        2,
        2,
        null,
        2,
        null,
        null
      ],
      "/Users/rodolfopeixoto/Projetos/job/fretadao-router-planner/lib/dijkstra.rb": [
        1,
        1,
        null,
        1,
        null,
        1,
        2,
        2,
        2,
        2,
        2,
        null,
        null,
        1,
        2,
        2,
        2,
        2,
        null,
        null,
        1,
        2,
        null,
        null,
        1,
        2,
        14,
        14,
        null,
        null,
        null,
        1,
        2,
        null,
        null,
        1,
        2,
        14,
        null,
        14,
        56,
        null,
        null,
        14,
        null,
        14,
        null,
        14,
        40,
        40,
        null,
        null,
        null,
        null,
        null,
        1,
        56,
        null,
        null,
        1,
        14,
        null,
        null,
        1,
        12,
        12,
        null,
        null
      ],
      "/Users/rodolfopeixoto/Projetos/job/fretadao-router-planner/spec/validator/logistic_meshes_validator_spec.rb": [
        1,
        null,
        1,
        3,
        3,
        null,
        1,
        1,
        1,
        1,
        null,
        null,
        null,
        1,
        null,
        null,
        1,
        1,
        1,
        null,
        null,
        null,
        1,
        null,
        null,
        null,
        null
      ],
      "/Users/rodolfopeixoto/Projetos/job/fretadao-router-planner/app/validators/logistic_mesh_validator.rb": [
        1,
        1,
        null,
        1,
        1,
        1,
        null,
        1,
        4,
        4,
        null,
        null,
        1,
        4,
        null,
        2,
        null,
        null,
        1,
        4,
        null,
        4,
        73,
        null,
        null,
        null,
        1,
        73,
        73,
        73,
        73,
        null,
        null,
        1,
        67,
        null,
        null,
        1,
        67,
        null,
        null,
        1,
        73,
        null,
        null,
        1,
        69,
        null,
        null,
        1,
        67,
        null,
        null
      ],
      "/Users/rodolfopeixoto/Projetos/job/fretadao-router-planner/app/validators/application_validator.rb": [
        1,
        1,
        8,
        null,
        null
      ],
      "/Users/rodolfopeixoto/Projetos/job/fretadao-router-planner/spec/validator/search_route_validator_spec.rb": [
        1,
        null,
        1,
        3,
        1,
        2,
        null,
        null,
        null,
        null,
        null,
        null,
        null,
        1,
        2,
        null,
        null,
        null,
        null,
        null,
        null,
        null,
        null,
        1,
        1,
        1,
        1,
        null,
        null,
        1,
        null,
        null,
        1,
        1,
        1,
        null,
        null,
        1,
        null,
        null,
        null,
        null
      ],
      "/Users/rodolfopeixoto/Projetos/job/fretadao-router-planner/app/validators/search_route_validator.rb": [
        1,
        1,
        null,
        1,
        1,
        1,
        null,
        1,
        4,
        4,
        4,
        4,
        4,
        null,
        null,
        1,
        4,
        null,
        null,
        1,
        null,
        1,
        4,
        4,
        null,
        null,
        1,
        4,
        null,
        null,
        1,
        2,
        null,
        null,
        1,
        2,
        null,
        null,
        1,
        2,
        2,
        null,
        null
      ],
      "/Users/rodolfopeixoto/Projetos/job/fretadao-router-planner/app/controllers/application_controller.rb": [
        1,
        null
      ],
      "/Users/rodolfopeixoto/Projetos/job/fretadao-router-planner/app/controllers/api/v1/logistic_meshes_controller.rb": [
        1,
        1,
        1,
        1,
        2,
        2,
        null,
        1,
        1,
        1,
        null,
        null,
        1,
        3,
        3,
        null,
        3,
        2,
        null,
        1,
        null,
        null,
        null,
        null,
        null,
        1,
        null,
        null,
        1,
        null,
        1,
        2,
        2,
        2,
        null,
        null,
        1,
        2,
        2,
        2,
        2,
        null,
        2,
        null,
        null,
        null,
        null,
        null,
        null,
        1,
        3,
        null,
        null,
        1,
        1,
        null,
        null,
        null,
        null
      ],
      "/Users/rodolfopeixoto/Projetos/job/fretadao-router-planner/app/controllers/api/v1/application_controller.rb": [
        1,
        1,
        1,
        1,
        1,
        null,
        null,
        null
      ],
      "/Users/rodolfopeixoto/Projetos/job/fretadao-router-planner/app/controllers/concerns/response.rb": [
        1,
        1,
        3,
        null,
        null
      ],
      "/Users/rodolfopeixoto/Projetos/job/fretadao-router-planner/app/serializers/logistic_meshes_serializer.rb": [
        1,
        1,
        1,
        null
      ]
    },
    "timestamp": 1579981579
  }
}
